<?xml version="1.0" encoding="UTF-8"?>
<!-- Generated by org.testng.reporters.JUnitReportReporter -->
<testsuite skipped="0" hostname="Jimiait" name="test.ContactsPageTest" tests="1" failures="0" timestamp="2022-07-28T05:25:34 CDT" time="7.791" errors="0">
  <testcase name="userShouldBeAbleToCreateNewCustomer" time="7.791" classname="test.ContactsPageTest"/>
  <system-out/>
</testsuite> <!-- test.ContactsPageTest -->
